0:100  0:100  MemLog inited, TSC freq: 2593987656
0:100  0:000  CPU was calibrated with ACPI PM Timer
0:100  0:000  
0:100  0:000  Now is 26.05.2020,  16:06:23 (GMT)
0:100  0:000  Starting Clover revision: 5103 (master, commit 3f3b85da0) on American Megatrends EFI
0:100  0:000  Build with: [Args: -D NO_GRUB_DRIVERS_EMBEDDED -t GCC53 | -D NO_GRUB_DRIVERS_EMBEDDED --conf=/Users/sergey/src/CloverHackyColor/Conf -D USE_LOW_EBDA -a X64 -b RELEASE -t GCC53 -n 5 | OS: 10.14.6]
0:100  0:000  SelfDevicePath=PciRoot(0x0)\Pci(0x1F,0x2)\Sata(0x4,0xFFFF,0x0)\HD(1,GPT,C1469966-4453-4722-90E1-189B59CC4696,0x28,0x64000) @BC2FB618
0:100  0:000  SelfDirPath = \EFI\BOOT
0:100  0:000  SimpleTextEx Status=Success
0:100  0:000  === [ Get Smbios ] ========================================
0:100  0:000  Type 16 Index = 0
0:100  0:000  Total Memory Slots Count = 2
0:100  0:000  Type 17 Index = 0
0:100  0:000  SmbiosTable.Type17->Speed = 1600MHz
0:100  0:000  SmbiosTable.Type17->Size = 4096MB
0:100  0:000  SmbiosTable.Type17->Bank/Device = BANK 0 ChannelA-DIMM0
0:100  0:000  SmbiosTable.Type17->Vendor = Kingston
0:100  0:000  SmbiosTable.Type17->SerialNumber = C629A265
0:100  0:000  SmbiosTable.Type17->PartNumber = HP16D3LS1KFG/4G   
0:100  0:000  Type 17 Index = 1
0:100  0:000  SmbiosTable.Type17->Speed = 1600MHz
0:100  0:000  SmbiosTable.Type17->Size = 8192MB
0:100  0:000  SmbiosTable.Type17->Bank/Device = BANK 2 ChannelB-DIMM0
0:100  0:000  SmbiosTable.Type17->Vendor = 0000
0:100  0:000  SmbiosTable.Type17->SerialNumber = 00000000
0:100  0:000  SmbiosTable.Type17->PartNumber = GKH800SO51208-1600
0:100  0:000  Boot status=0
0:100  0:000  Running on: 'ABRA A7 V6' with board 'ABRA A7 V6'
0:100  0:000  === [ GetCPUProperties ] ==================================
0:100  0:000  CPU Vendor = 756E6547 Model=306C3
0:100  0:000   The CPU supported SSE4.1
0:100  0:000  BrandString = Intel(R) Core(TM) i7-4720HQ CPU @ 2.60GHz
0:100  0:000   The CPU supported turbo
0:100  0:000  MSR 0x35               40008
0:100  0:000  MSR 0xE2 before patch 1E008405
0:100  0:000  MSR 0xE2 is locked, PM patches will be turned on
0:100  0:000  MSR 0xCE              00080838_F3011A00
0:100  0:000  corrected FLEX_RATIO = 40000
0:100  0:000  MSR 0x1B0             00000000
0:100  0:000  FSBFrequency = 100 MHz, DMI FSBFrequency = 100 MHz, Corrected FSBFrequency = 100 MHz
0:100  0:000  MaxDiv/MinDiv: 26.0/8
0:100  0:000  Turbo: 34/34/35/36
0:100  0:000  Features: 0xBFEBFBFF
0:100  0:000  Threads: 8
0:100  0:000  Cores: 4
0:100  0:000  FSB: 100 MHz
0:100  0:000  CPU: 2600 MHz
0:100  0:000  TSC: 2600 MHz
0:100  0:000  PIS: 100 MHz
0:100  0:000  ExternalClock: 25 MHz
0:100  0:000  === [ GetDevices ] ========================================
0:100  0:000  GOP found at: PciRoot(0x0)/Pci(0x2,0x0)/AcpiAdr(0x80010100)
0:100  0:000  PCI (00|00:00.00) : 8086 0C04 class=060000
0:100  0:000  PCI (00|00:01.00) : 8086 0C01 class=060400
0:100  0:000  PCI (00|01:00.00) : 10DE 139B class=030200
0:100  0:000  PCI (00|00:02.00) : 8086 0416 class=030000
0:100  0:000   - GOP: Provided by device
0:100  0:000   - GFX: Model=Intel HD Graphics 4600 (Intel)
0:100  0:000  PCI (00|00:03.00) : 8086 0C0C class=040300
0:100  0:000  PCI (00|00:14.00) : 8086 8C31 class=0C0330
0:100  0:000  PCI (00|00:16.00) : 8086 8C3A class=078000
0:100  0:000  PCI (00|00:16.01) : FFFF FFFF class=FFFFFF
0:100  0:000  PCI (00|00:1A.00) : 8086 8C2D class=0C0320
0:100  0:000  PCI (00|00:1B.00) : 8086 8C20 class=040300
0:100  0:000  PCI (00|00:1C.00) : 8086 8C10 class=060400
0:100  0:000  PCI (00|00:1C.02) : 8086 8C14 class=060400
0:100  0:000  PCI (00|03:00.00) : 8086 08B3 class=028000
0:100  0:000   - WIFI: Vendor=Intel
0:100  0:000  PCI (00|00:1C.03) : 8086 8C16 class=060400
0:100  0:000  PCI (00|04:00.00) : 10EC 5287 class=FF0000
0:100  0:000  PCI (00|04:00.01) : 10EC 8168 class=020000
0:100  0:000   - LAN: 0 Vendor=Realtek
0:100  0:000  PCI (00|00:1D.00) : 8086 8C26 class=0C0320
0:100  0:000  PCI (00|00:1F.00) : 8086 8C4B class=060100
0:100  0:000  PCI (00|00:1F.02) : 8086 8C03 class=010601
0:100  0:000  PCI (00|00:1F.03) : 8086 8C22 class=0C0500
0:100  0:000  PCI (00|00:1F.06) : FFFF FFFF class=FFFFFF
0:100  0:000  === [ GetDefaultSettings ] ================================
0:100  0:000  Clover load options size = 0 bytes
0:107  0:007  CheckOEMPathExists tried EFI\CLOVER\OEM\ABRA A7 V6--00-00-00-00-00-00. Dir not exists
0:107  0:000  CheckOEMPathExists tried EFI\CLOVER\OEM\ABRA A7 V6\UEFI. Dir not exists
0:107  0:000  CheckOEMPathExists tried EFI\CLOVER\OEM\ABRA A7 V6. Dir not exists
0:107  0:000  CheckOEMPathExists tried EFI\CLOVER\OEM\ABRA A7 V6-2600. Dir not exists
0:107  0:000  CheckOEMPathExists tried EFI\CLOVER\OEM\ABRA A7 V6. Dir not exists
0:107  0:000  CheckOEMPathExists tried EFI\CLOVER\OEM\ABRA A7 V6-2600. Dir not exists
0:107  0:000  set OEMPath by default: EFI\CLOVER
0:109  0:001  EFI\CLOVER\config.plist loaded: Success
0:109  0:000  === [ GetListOfThemes ] ===================================
0:111  0:001  - [00]: OSXINFO
0:116  0:005  - [01]: clover-minimal
0:120  0:003  - [02]: clover-minimal-dark
0:124  0:003  === [ Found config plists ] ===============================
0:124  0:000  - config-11.plist
0:124  0:000  - config-12.plist
0:124  0:000  - config-ex1.plist
0:124  0:000  - config-ex2.plist
0:124  0:000  - config-fbpatched.plist
0:124  0:000  - config.plist
0:124  0:000  - configBACKUP.plist
0:124  0:000  - configsaglam.plist
0:124  0:000  === [ GetEarlyUserSettings ] ==============================
0:124  0:000  timeout set to -1
0:124  0:000  Custom boot CUSTOM_BOOT_DISABLED (0x0)
0:124  0:000  KextsToPatch: 1 requested
0:124  0:000   - [00]: com.apple.iokit.IOAHCIBlockStorage (Enable TRIM for SSD) :: BinPatch :: data len: 11
0:124  0:000  Default theme: clover-minimal-dark
0:124  0:000  Hiding entries with string Preboot
0:124  0:000  Hiding entries with string Recovery
0:124  0:000  === [ LoadDrivers ] =======================================
0:129  0:005  Loading FSInject.efi  status=Success
0:131  0:002  Loading AppleUITheme.efi  status=Success
0:132  0:000  Loading HFSPlus.efi  status=Success
0:133  0:000   - driver needs connecting
0:133  0:000  Loading SMCHelper.efi  status=Success
0:133  0:000  Loading AppleImageLoader.efi  status=Success
0:134  0:001  Loading FirmwareVolume.efi  status=Success
0:135  0:000  Loading AppleImageCodec.efi  status=Success
0:136  0:000  Loading Ps2MouseDxe.efi  status=Success
0:136  0:000   - driver needs connecting
0:136  0:000  Loading AppleKeyAggregator.efi  status=Success
0:137  0:000  Loading DataHubDxe.efi  status=Success
0:146  0:008  Loading NTFS.EFI  status=Success
0:148  0:002   - driver needs connecting
0:148  0:000  Loading ApfsDriverLoader.efi  status=Success
0:149  0:000   - driver needs connecting
0:149  0:000  Loading AudioDxe.efi  status=Success
0:150  0:001   - driver needs connecting
0:150  0:000  Loading AptioMemoryFix.efi  status=Success
0:151  0:000  5 drivers needs connecting ...
0:151  0:000  PlatformDriverOverrideProtocol->GetDriver overriden
0:151  0:000  HFS+ driver loaded
0:151  0:000  APFS driver loaded
0:151  0:000  Searching for invalid DiskIo BY_DRIVER connects: not found, all ok
4:685  4:534  === [ InitScreen ] ========================================
4:685  0:000  Console modes reported: 4, available modes:
4:685  0:000   - [01]: 80x25 (current mode)
4:685  0:000   - [02]: 80x50
4:685  0:000   - [03]: 100x31
4:685  0:000   - [04]: 240x56
4:685  0:000  SetMaxResolution: found best mode 1: 1920x1080
4:685  0:000   - already set
4:685  0:000  reinit: self device path=PciRoot(0x0)\Pci(0x1F,0x2)\Sata(0x4,0xFFFF,0x0)\HD(1,GPT,C1469966-4453-4722-90E1-189B59CC4696,0x28,0x64000)
4:685  0:000  === [ GetMacAddress ] =====================================
4:685  0:000  MAC address of LAN #0= 98:5C:93:C7:B5:04:
4:685  0:000  === [ ScanSPD ] ===========================================
4:685  0:000  Scanning SMBus [8086:8C22], mmio: 0xF7A19004, ioport: 0xF040, hostc: 0x11
4:704  0:018  Slot: 0 Type 24 4096MB 1600MHz Vendor=Kingston PartNo=HP16D3LS1KFG4G SerialNo=0C0602090A020605
4:722  0:018  Slot: 2 Type 24 8192MB 1600MHz Vendor=NoName PartNo=GKH800SO51208-1600 SerialNo=0000000000000000
4:723  0:000  === [ GetAcpiTablesList ] =================================
4:723  0:000  Get Acpi Tables List from RSDT:
4:723  0:000   - [00]: FACP  A M I len=132
4:723  0:000   - [01]: APIC  A M I len=146
4:723  0:000   - [02]: FPDT  A M I len=68
4:723  0:000   - [03]: FIDT  A M I len=156
4:723  0:000   - [04]: ASF!   HCG len=165
4:723  0:000   - [05]: SSDT  PtidDevc len=3986
4:723  0:000   - [06]: TPM2  Tpm2Tabl len=52
4:723  0:000   - [07]: SSDT  Cpu0Ist len=1337
4:723  0:000   - [08]: SSDT  CpuPm len=2776
4:723  0:000   - [09]: MCFG  A M I len=60
4:723  0:000   - [10]: HPET  A M I len=56
4:723  0:000   - [11]: SSDT  SataTabl len=789
4:723  0:000   - [12]: SSDT  SaSsdt  len=7245
4:723  0:000   - [13]: SSDT  SgPeg len=4125
4:723  0:000   - [14]: DMAR  HSW  len=184
4:723  0:000   - [15]: SSDT  OptTabl len=7558
4:723  0:000   - [16]: BGRT  A M I len=56
4:723  0:000  Calibrated TSC Frequency = 2593987656 = 2593MHz
4:723  0:000  === [ GetUserSettings ] ===================================
4:723  0:000  Add 1 devices:
4:723  0:000  USB FixOwnership: yes
4:723  0:000   - final DSDT Fix mask=00000000
4:723  0:000  PatchesDSDT: 3 requested
4:723  0:000   - [00]: (change GFX0 to IGPU) lenToFind: 4, lenToReplace: 4, Target Bridge: <null string>
4:723  0:000   - [01]: (change HDAS to HDEF) lenToFind: 4, lenToReplace: 4, Target Bridge: <null string>
4:723  0:000   - [02]: (Rename B0D3 to HDAU) lenToFind: 4, lenToReplace: 4, Target Bridge: <null string>
4:723  0:000    patch disabled at config
4:723  0:000  smartUPS: present
4:723  0:000  Using ProductName from config: MacBookPro11,2
4:723  0:000  Using latest BiosVersion from config
4:723  0:000  BiosVersion: MBP112.88Z.F000.B00.2002051908
4:723  0:000  BiosReleaseDate: 02/05/2020
4:723  0:000  Using latest EfiVersion from config: 159.0.0.0.0
4:723  0:000  Using FirmwareFeatures from config: 0xE80FE137
4:723  0:000  Using FirmwareFeaturesMask from config: 0xFF1FFF3F
4:723  0:000  Board-ID set from config as Mac-3CBD00234E554E41
4:723  0:000  BoardType: 0xA
4:723  0:000  ChassisType: 0xA
4:723  0:000  Converted CustomUUID 7ECE9243-F7C6-48D0-BB53-09855225FB9B
4:724  0:000  === [ Found DSDT tables ] =================================
4:726  0:002  - DSDT.AML
5:159  0:433  === [ ScanVolumes ] =======================================
5:159  0:000  Found 12 volumes with blockIO
5:159  0:000  - [00]: Volume: PciRoot(0x0)\Pci(0x1F,0x2)\Sata(0x0,0xFFFF,0x0)
5:196  0:036  - [01]: Volume: PciRoot(0x0)\Pci(0x1F,0x2)\Sata(0x4,0xFFFF,0x0)
5:197  0:000  - [02]: Volume: PciRoot(0x0)\Pci(0x1F,0x2)\Sata(0x5,0xFFFF,0x0)
5:197  0:000          Found optical drive
5:197  0:000  - [03]: Volume: PciRoot(0x0)\Pci(0x1F,0x2)\Sata(0x0,0xFFFF,0x0)\HD(1,GPT,62EDF774-39A7-45DA-8E9D-AF70BC63FDF0,0x800,0x8000)
5:202  0:005  - [04]: Volume: PciRoot(0x0)\Pci(0x1F,0x2)\Sata(0x0,0xFFFF,0x0)\HD(2,GPT,9C8587D8-35D6-4467-8B8D-8655487C7E87,0x8800,0x746FE000)
5:208  0:006          Result of bootcode detection: bootable Windows (vista,win)
5:208  0:000  - [05]: Volume: PciRoot(0x0)\Pci(0x1F,0x2)\Sata(0x4,0xFFFF,0x0)\HD(1,GPT,C1469966-4453-4722-90E1-189B59CC4696,0x28,0x64000)
5:209  0:000          Result of bootcode detection: bootable unknown (legacy)
5:218  0:009          This is SelfVolume !!
5:218  0:000  - [06]: Volume: PciRoot(0x0)\Pci(0x1F,0x2)\Sata(0x4,0xFFFF,0x0)\HD(2,GPT,1496D934-C1AD-4C84-9C83-6832823C48C1,0x64028,0x1BEC3FB0)
5:219  0:000          Result of bootcode detection: bootable unknown (legacy)
5:219  0:000  - [07]: Volume: PciRoot(0x0)\Pci(0x1F,0x2)\Sata(0x4,0xFFFF,0x0)\HD(2,GPT,1496D934-C1AD-4C84-9C83-6832823C48C1,0x64028,0x1BEC3FB0)\VenMedia(BE74FCF7-0B7C-49F3-9147-01F4042E6842,45942A408CA8234B806EE3B31FA8CFCB)
5:219  0:000          hiding this volume
5:219  0:000  - [08]: Volume: PciRoot(0x0)\Pci(0x1F,0x2)\Sata(0x4,0xFFFF,0x0)\HD(2,GPT,1496D934-C1AD-4C84-9C83-6832823C48C1,0x64028,0x1BEC3FB0)\VenMedia(BE74FCF7-0B7C-49F3-9147-01F4042E6842,7F4445B699E2554D9023A07536AD159B)
5:219  0:000  - [09]: Volume: PciRoot(0x0)\Pci(0x1F,0x2)\Sata(0x4,0xFFFF,0x0)\HD(2,GPT,1496D934-C1AD-4C84-9C83-6832823C48C1,0x64028,0x1BEC3FB0)\VenMedia(BE74FCF7-0B7C-49F3-9147-01F4042E6842,10A43651C8C0C94EAAB7BD9DEC0AB358)
5:219  0:000          hiding this volume
5:219  0:000  - [10]: Volume: PciRoot(0x0)\Pci(0x1F,0x2)\Sata(0x4,0xFFFF,0x0)\HD(2,GPT,1496D934-C1AD-4C84-9C83-6832823C48C1,0x64028,0x1BEC3FB0)\VenMedia(BE74FCF7-0B7C-49F3-9147-01F4042E6842,3FA37C082FE0314B95898A2ED58B402D)
5:219  0:000  - [11]: Volume: PciRoot(0x0)\Pci(0x1F,0x2)\Sata(0x4,0xFFFF,0x0)\HD(2,GPT,1496D934-C1AD-4C84-9C83-6832823C48C1,0x64028,0x1BEC3FB0)\VenMedia(BE74FCF7-0B7C-49F3-9147-01F4042E6842,2D2671A883CE8F4CAC6B999C229B1723)
5:219  0:000  found 2 handles with audio
5:219  0:000  No AudioIoDevice stored
5:219  0:000  no stored audio parameters
5:219  0:000  Found Audio Device Intel Haswell HDMI (HDMI) at index 0
5:219  0:000  Found Audio Device Intel Haswell HDMI (HDMI) at index 1
5:219  0:000  Found Audio Device Intel Haswell HDMI (HDMI) at index 2
5:219  0:000  Found Audio Device Realtek ALC269 (Speaker) at index 3
5:219  0:000  Found Audio Device Realtek ALC269 (Headphones) at index 4
5:219  0:000  Found Audio Device Realtek ALC269 (SPDIF) at index 5
5:219  0:000  === [ InitTheme ] =========================================
5:219  0:000  use daylight theme
5:226  0:006  Using theme 'clover-minimal-dark' (EFI\CLOVER\themes\clover-minimal-dark)
5:226  0:000  OS main and drive as badge
5:226  0:000  file sound read: sound.wav Not Found
5:229  0:002  Loading font from ThemeDir: Success
5:229  0:000  theme inited
5:229  0:000  Chosen theme clover-minimal-dark
5:229  0:000  after NVRAM boot-args=-v debug=0x100 -wegnoegpu
5:229  0:000  === [ Dump SMC keys from NVRAM ] ==========================
5:229  0:000  found AppleSMC protocol
5:239  0:009  Registered 17 SMC keys
5:240  0:001  === [ AddCustomEntries ] ==================================
5:240  0:000  Custom entry 0 Title:"Recovery" Path:"\com.apple.recovery.boot\boot.efi" Type:10 Flags:0x2 matching all volumes
5:240  0:000      Checking volume "" (PciRoot(0x0)\Pci(0x1F,0x2)\Sata(0x0,0xFFFF,0x0)\HD(2,GPT,9C8587D8-35D6-4467-8B8D-8655487C7E87,0x8800,0x746FE000)) ... skipped because path does not exist
5:240  0:000      Checking volume "EFI" (PciRoot(0x0)\Pci(0x1F,0x2)\Sata(0x4,0xFFFF,0x0)\HD(1,GPT,C1469966-4453-4722-90E1-189B59CC4696,0x28,0x64000)) ... skipped because path does not exist
5:240  0:000      Checking volume "Preboot" (PciRoot(0x0)\Pci(0x1F,0x2)\Sata(0x4,0xFFFF,0x0)\HD(2,GPT,1496D934-C1AD-4C84-9C83-6832823C48C1,0x64028,0x1BEC3FB0)\VenMedia(BE74FCF7-0B7C-49F3-9147-01F4042E6842,45942A408CA8234B806EE3B31FA8CFCB)) ... skipped because volume is hidden
5:240  0:000      Checking volume "KemalSSD - Veriler" (PciRoot(0x0)\Pci(0x1F,0x2)\Sata(0x4,0xFFFF,0x0)\HD(2,GPT,1496D934-C1AD-4C84-9C83-6832823C48C1,0x64028,0x1BEC3FB0)\VenMedia(BE74FCF7-0B7C-49F3-9147-01F4042E6842,7F4445B699E2554D9023A07536AD159B)) ... skipped because path does not exist
5:240  0:000      Checking volume "Recovery" (PciRoot(0x0)\Pci(0x1F,0x2)\Sata(0x4,0xFFFF,0x0)\HD(2,GPT,1496D934-C1AD-4C84-9C83-6832823C48C1,0x64028,0x1BEC3FB0)\VenMedia(BE74FCF7-0B7C-49F3-9147-01F4042E6842,10A43651C8C0C94EAAB7BD9DEC0AB358)) ... skipped because volume is hidden
5:240  0:000      Checking volume "VM" (PciRoot(0x0)\Pci(0x1F,0x2)\Sata(0x4,0xFFFF,0x0)\HD(2,GPT,1496D934-C1AD-4C84-9C83-6832823C48C1,0x64028,0x1BEC3FB0)\VenMedia(BE74FCF7-0B7C-49F3-9147-01F4042E6842,3FA37C082FE0314B95898A2ED58B402D)) ... skipped because path does not exist
5:240  0:000      Checking volume "KemalSSD" (PciRoot(0x0)\Pci(0x1F,0x2)\Sata(0x4,0xFFFF,0x0)\HD(2,GPT,1496D934-C1AD-4C84-9C83-6832823C48C1,0x64028,0x1BEC3FB0)\VenMedia(BE74FCF7-0B7C-49F3-9147-01F4042E6842,2D2671A883CE8F4CAC6B999C229B1723)) ... skipped because path does not exist
5:240  0:000  Custom entry 1 Title:"Windows" Path:"\EFI\Microsoft\Boot\bootmgfw.efi" Options:"-s -h" Type:7 Flags:0x0 matching all volumes
5:240  0:000      Checking volume "" (PciRoot(0x0)\Pci(0x1F,0x2)\Sata(0x0,0xFFFF,0x0)\HD(2,GPT,9C8587D8-35D6-4467-8B8D-8655487C7E87,0x8800,0x746FE000)) ... skipped because path does not exist
5:240  0:000      Checking volume "EFI" (PciRoot(0x0)\Pci(0x1F,0x2)\Sata(0x4,0xFFFF,0x0)\HD(1,GPT,C1469966-4453-4722-90E1-189B59CC4696,0x28,0x64000)) ... match!
5:261  0:021          [!] Icon 19 (icons\vol_internal_ntfs.icns) not found (path: EFI\CLOVER\themes\clover-minimal-dark)
5:261  0:000  Custom settings: <null string>.plist will  be applied
5:261  0:000      Checking volume "Preboot" (PciRoot(0x0)\Pci(0x1F,0x2)\Sata(0x4,0xFFFF,0x0)\HD(2,GPT,1496D934-C1AD-4C84-9C83-6832823C48C1,0x64028,0x1BEC3FB0)\VenMedia(BE74FCF7-0B7C-49F3-9147-01F4042E6842,45942A408CA8234B806EE3B31FA8CFCB)) ... skipped because volume is hidden
5:261  0:000      Checking volume "KemalSSD - Veriler" (PciRoot(0x0)\Pci(0x1F,0x2)\Sata(0x4,0xFFFF,0x0)\HD(2,GPT,1496D934-C1AD-4C84-9C83-6832823C48C1,0x64028,0x1BEC3FB0)\VenMedia(BE74FCF7-0B7C-49F3-9147-01F4042E6842,7F4445B699E2554D9023A07536AD159B)) ... skipped because path does not exist
5:261  0:000      Checking volume "Recovery" (PciRoot(0x0)\Pci(0x1F,0x2)\Sata(0x4,0xFFFF,0x0)\HD(2,GPT,1496D934-C1AD-4C84-9C83-6832823C48C1,0x64028,0x1BEC3FB0)\VenMedia(BE74FCF7-0B7C-49F3-9147-01F4042E6842,10A43651C8C0C94EAAB7BD9DEC0AB358)) ... skipped because volume is hidden
5:261  0:000      Checking volume "VM" (PciRoot(0x0)\Pci(0x1F,0x2)\Sata(0x4,0xFFFF,0x0)\HD(2,GPT,1496D934-C1AD-4C84-9C83-6832823C48C1,0x64028,0x1BEC3FB0)\VenMedia(BE74FCF7-0B7C-49F3-9147-01F4042E6842,3FA37C082FE0314B95898A2ED58B402D)) ... skipped because path does not exist
5:261  0:000      Checking volume "KemalSSD" (PciRoot(0x0)\Pci(0x1F,0x2)\Sata(0x4,0xFFFF,0x0)\HD(2,GPT,1496D934-C1AD-4C84-9C83-6832823C48C1,0x64028,0x1BEC3FB0)\VenMedia(BE74FCF7-0B7C-49F3-9147-01F4042E6842,2D2671A883CE8F4CAC6B999C229B1723)) ... skipped because path does not exist
5:261  0:000  === [ ScanLoader ] ========================================
5:261  0:000  - [04]: ''
5:286  0:025  - [05]: 'EFI'
5:286  0:000          AddLoaderEntry for Volume Name=EFI
5:286  0:000       skipped because path `PciRoot(0x0)\Pci(0x1F,0x2)\Sata(0x4,0xFFFF,0x0)\HD(1,GPT,C1469966-4453-4722-90E1-189B59CC4696,0x28,0x64000)\EFI\microsoft\Boot\bootmgfw.efii` already exists for another entry!
5:316  0:029          AddLoaderEntry for Volume Name=EFI
5:316  0:000          skipped because entry is hidden
5:316  0:000  - [07]: 'Preboot', hidden
5:316  0:000  - [08]: 'KemalSSD - Veriler'
5:346  0:029  - [09]: 'Recovery', hidden
5:346  0:000  - [10]: 'VM'
5:371  0:025  - [11]: 'KemalSSD'
5:392  0:021          AddLoaderEntry for Volume Name=KemalSSD
5:398  0:005      Check if volume Is Hibernated:
5:398  0:000      Check sleep image 'by signature':
5:400  0:002      using default sleep image name = \private\var\vm\sleepimage
5:401  0:001      sleepimage not found -> Not Found
5:401  0:000      hibernated: no - sign
5:402  0:000          [!] Icon 18 (icons\vol_internal_apfs.icns) not found (path: EFI\CLOVER\themes\clover-minimal-dark)
5:428  0:025  === [ AddCustomTool ] =====================================
5:430  0:002  === [ GetEfiBootDeviceFromNvram ] =========================
5:430  0:000  Default boot entry not found
5:430  0:000  DefaultIndex=-1 and MainMenu.EntryCount=6
5:675  0:244  GUI ready
12:824  7:149  exit from MainMenu 8
12:824  0:000  ReinitSelfLib after theme change
12:824  0:000  reinit: self device path=PciRoot(0x0)\Pci(0x1F,0x2)\Sata(0x4,0xFFFF,0x0)\HD(1,GPT,C1469966-4453-4722-90E1-189B59CC4696,0x28,0x64000)
12:824  0:000  === [ ScanVolumes ] =======================================
12:824  0:000  Found 12 volumes with blockIO
12:824  0:000  - [00]: Volume: PciRoot(0x0)\Pci(0x1F,0x2)\Sata(0x0,0xFFFF,0x0)
12:825  0:000  - [01]: Volume: PciRoot(0x0)\Pci(0x1F,0x2)\Sata(0x4,0xFFFF,0x0)
12:825  0:000  - [02]: Volume: PciRoot(0x0)\Pci(0x1F,0x2)\Sata(0x5,0xFFFF,0x0)
12:825  0:000          Found optical drive
12:825  0:000  - [03]: Volume: PciRoot(0x0)\Pci(0x1F,0x2)\Sata(0x0,0xFFFF,0x0)\HD(1,GPT,62EDF774-39A7-45DA-8E9D-AF70BC63FDF0,0x800,0x8000)
12:826  0:000  - [04]: Volume: PciRoot(0x0)\Pci(0x1F,0x2)\Sata(0x0,0xFFFF,0x0)\HD(2,GPT,9C8587D8-35D6-4467-8B8D-8655487C7E87,0x8800,0x746FE000)
12:826  0:000          Result of bootcode detection: bootable Windows (vista,win)
12:826  0:000  - [05]: Volume: PciRoot(0x0)\Pci(0x1F,0x2)\Sata(0x4,0xFFFF,0x0)\HD(1,GPT,C1469966-4453-4722-90E1-189B59CC4696,0x28,0x64000)
12:827  0:000          Result of bootcode detection: bootable unknown (legacy)
12:827  0:000          This is SelfVolume !!
12:827  0:000  - [06]: Volume: PciRoot(0x0)\Pci(0x1F,0x2)\Sata(0x4,0xFFFF,0x0)\HD(2,GPT,1496D934-C1AD-4C84-9C83-6832823C48C1,0x64028,0x1BEC3FB0)
12:827  0:000          Result of bootcode detection: bootable unknown (legacy)
12:827  0:000  - [07]: Volume: PciRoot(0x0)\Pci(0x1F,0x2)\Sata(0x4,0xFFFF,0x0)\HD(2,GPT,1496D934-C1AD-4C84-9C83-6832823C48C1,0x64028,0x1BEC3FB0)\VenMedia(BE74FCF7-0B7C-49F3-9147-01F4042E6842,45942A408CA8234B806EE3B31FA8CFCB)
12:827  0:000  - [08]: Volume: PciRoot(0x0)\Pci(0x1F,0x2)\Sata(0x4,0xFFFF,0x0)\HD(2,GPT,1496D934-C1AD-4C84-9C83-6832823C48C1,0x64028,0x1BEC3FB0)\VenMedia(BE74FCF7-0B7C-49F3-9147-01F4042E6842,7F4445B699E2554D9023A07536AD159B)
12:827  0:000  - [09]: Volume: PciRoot(0x0)\Pci(0x1F,0x2)\Sata(0x4,0xFFFF,0x0)\HD(2,GPT,1496D934-C1AD-4C84-9C83-6832823C48C1,0x64028,0x1BEC3FB0)\VenMedia(BE74FCF7-0B7C-49F3-9147-01F4042E6842,10A43651C8C0C94EAAB7BD9DEC0AB358)
12:828  0:000  - [10]: Volume: PciRoot(0x0)\Pci(0x1F,0x2)\Sata(0x4,0xFFFF,0x0)\HD(2,GPT,1496D934-C1AD-4C84-9C83-6832823C48C1,0x64028,0x1BEC3FB0)\VenMedia(BE74FCF7-0B7C-49F3-9147-01F4042E6842,3FA37C082FE0314B95898A2ED58B402D)
12:828  0:000  - [11]: Volume: PciRoot(0x0)\Pci(0x1F,0x2)\Sata(0x4,0xFFFF,0x0)\HD(2,GPT,1496D934-C1AD-4C84-9C83-6832823C48C1,0x64028,0x1BEC3FB0)\VenMedia(BE74FCF7-0B7C-49F3-9147-01F4042E6842,2D2671A883CE8F4CAC6B999C229B1723)
12:828  0:000  found 2 handles with audio
12:828  0:000  No AudioIoDevice stored
12:828  0:000  no stored audio parameters
12:828  0:000  Found Audio Device Intel Haswell HDMI (HDMI) at index 0
12:828  0:000  Found Audio Device Intel Haswell HDMI (HDMI) at index 1
12:828  0:000  Found Audio Device Intel Haswell HDMI (HDMI) at index 2
12:828  0:000  Found Audio Device Realtek ALC269 (Speaker) at index 3
12:828  0:000  Found Audio Device Realtek ALC269 (Headphones) at index 4
12:828  0:000  Found Audio Device Realtek ALC269 (SPDIF) at index 5
12:828  0:000  theme inited
12:828  0:000  Chosen theme clover-minimal-dark
12:828  0:000  after NVRAM boot-args=-v debug=0x100 -wegnoegpu
12:828  0:000  === [ AddCustomEntries ] ==================================
12:828  0:000  Custom entry 0 Title:"Recovery" Path:"\com.apple.recovery.boot\boot.efi" Type:10 Flags:0x2 matching all volumes
12:828  0:000      Checking volume "" (PciRoot(0x0)\Pci(0x1F,0x2)\Sata(0x0,0xFFFF,0x0)\HD(2,GPT,9C8587D8-35D6-4467-8B8D-8655487C7E87,0x8800,0x746FE000)) ... skipped because path does not exist
12:828  0:000      Checking volume "EFI" (PciRoot(0x0)\Pci(0x1F,0x2)\Sata(0x4,0xFFFF,0x0)\HD(1,GPT,C1469966-4453-4722-90E1-189B59CC4696,0x28,0x64000)) ... skipped because path does not exist
12:828  0:000      Checking volume "Preboot" (PciRoot(0x0)\Pci(0x1F,0x2)\Sata(0x4,0xFFFF,0x0)\HD(2,GPT,1496D934-C1AD-4C84-9C83-6832823C48C1,0x64028,0x1BEC3FB0)\VenMedia(BE74FCF7-0B7C-49F3-9147-01F4042E6842,45942A408CA8234B806EE3B31FA8CFCB)) ... skipped because path does not exist
12:828  0:000      Checking volume "KemalSSD - Veriler" (PciRoot(0x0)\Pci(0x1F,0x2)\Sata(0x4,0xFFFF,0x0)\HD(2,GPT,1496D934-C1AD-4C84-9C83-6832823C48C1,0x64028,0x1BEC3FB0)\VenMedia(BE74FCF7-0B7C-49F3-9147-01F4042E6842,7F4445B699E2554D9023A07536AD159B)) ... skipped because path does not exist
12:828  0:000      Checking volume "Recovery" (PciRoot(0x0)\Pci(0x1F,0x2)\Sata(0x4,0xFFFF,0x0)\HD(2,GPT,1496D934-C1AD-4C84-9C83-6832823C48C1,0x64028,0x1BEC3FB0)\VenMedia(BE74FCF7-0B7C-49F3-9147-01F4042E6842,10A43651C8C0C94EAAB7BD9DEC0AB358)) ... skipped because path does not exist
12:828  0:000      Checking volume "VM" (PciRoot(0x0)\Pci(0x1F,0x2)\Sata(0x4,0xFFFF,0x0)\HD(2,GPT,1496D934-C1AD-4C84-9C83-6832823C48C1,0x64028,0x1BEC3FB0)\VenMedia(BE74FCF7-0B7C-49F3-9147-01F4042E6842,3FA37C082FE0314B95898A2ED58B402D)) ... skipped because path does not exist
12:828  0:000      Checking volume "KemalSSD" (PciRoot(0x0)\Pci(0x1F,0x2)\Sata(0x4,0xFFFF,0x0)\HD(2,GPT,1496D934-C1AD-4C84-9C83-6832823C48C1,0x64028,0x1BEC3FB0)\VenMedia(BE74FCF7-0B7C-49F3-9147-01F4042E6842,2D2671A883CE8F4CAC6B999C229B1723)) ... skipped because path does not exist
12:828  0:000  Custom entry 1 Title:"Windows" Path:"\EFI\Microsoft\Boot\bootmgfw.efi" Options:"-s -h" Type:7 Flags:0x0 matching all volumes
12:828  0:000      Checking volume "" (PciRoot(0x0)\Pci(0x1F,0x2)\Sata(0x0,0xFFFF,0x0)\HD(2,GPT,9C8587D8-35D6-4467-8B8D-8655487C7E87,0x8800,0x746FE000)) ... skipped because path does not exist
12:828  0:000      Checking volume "EFI" (PciRoot(0x0)\Pci(0x1F,0x2)\Sata(0x4,0xFFFF,0x0)\HD(1,GPT,C1469966-4453-4722-90E1-189B59CC4696,0x28,0x64000)) ... match!
12:829  0:001  Custom settings: <null string>.plist will  be applied
12:829  0:000      Checking volume "Preboot" (PciRoot(0x0)\Pci(0x1F,0x2)\Sata(0x4,0xFFFF,0x0)\HD(2,GPT,1496D934-C1AD-4C84-9C83-6832823C48C1,0x64028,0x1BEC3FB0)\VenMedia(BE74FCF7-0B7C-49F3-9147-01F4042E6842,45942A408CA8234B806EE3B31FA8CFCB)) ... skipped because path does not exist
12:829  0:000      Checking volume "KemalSSD - Veriler" (PciRoot(0x0)\Pci(0x1F,0x2)\Sata(0x4,0xFFFF,0x0)\HD(2,GPT,1496D934-C1AD-4C84-9C83-6832823C48C1,0x64028,0x1BEC3FB0)\VenMedia(BE74FCF7-0B7C-49F3-9147-01F4042E6842,7F4445B699E2554D9023A07536AD159B)) ... skipped because path does not exist
12:829  0:000      Checking volume "Recovery" (PciRoot(0x0)\Pci(0x1F,0x2)\Sata(0x4,0xFFFF,0x0)\HD(2,GPT,1496D934-C1AD-4C84-9C83-6832823C48C1,0x64028,0x1BEC3FB0)\VenMedia(BE74FCF7-0B7C-49F3-9147-01F4042E6842,10A43651C8C0C94EAAB7BD9DEC0AB358)) ... skipped because path does not exist
12:829  0:000      Checking volume "VM" (PciRoot(0x0)\Pci(0x1F,0x2)\Sata(0x4,0xFFFF,0x0)\HD(2,GPT,1496D934-C1AD-4C84-9C83-6832823C48C1,0x64028,0x1BEC3FB0)\VenMedia(BE74FCF7-0B7C-49F3-9147-01F4042E6842,3FA37C082FE0314B95898A2ED58B402D)) ... skipped because path does not exist
12:829  0:000      Checking volume "KemalSSD" (PciRoot(0x0)\Pci(0x1F,0x2)\Sata(0x4,0xFFFF,0x0)\HD(2,GPT,1496D934-C1AD-4C84-9C83-6832823C48C1,0x64028,0x1BEC3FB0)\VenMedia(BE74FCF7-0B7C-49F3-9147-01F4042E6842,2D2671A883CE8F4CAC6B999C229B1723)) ... skipped because path does not exist
12:829  0:000  === [ ScanLoader ] ========================================
12:829  0:000  - [04]: ''
12:854  0:025  - [05]: 'EFI'
12:854  0:000          AddLoaderEntry for Volume Name=EFI
12:854  0:000       skipped because path `PciRoot(0x0)\Pci(0x1F,0x2)\Sata(0x4,0xFFFF,0x0)\HD(1,GPT,C1469966-4453-4722-90E1-189B59CC4696,0x28,0x64000)\EFI\microsoft\Boot\bootmgfw.efii` already exists for another entry!
12:880  0:025          AddLoaderEntry for Volume Name=EFI
12:880  0:000       skipped because path `PciRoot(0x0)\Pci(0x1F,0x2)\Sata(0x4,0xFFFF,0x0)\HD(1,GPT,C1469966-4453-4722-90E1-189B59CC4696,0x28,0x64000)\EFI\BOOT\BOOTX64.efii` is self path!
12:880  0:000  - [07]: 'Preboot'
12:881  0:001          AddLoaderEntry for Volume Name=Preboot
12:882  0:001      Check if volume Is Hibernated:
12:882  0:000      Check sleep image 'by signature':
12:882  0:000      using default sleep image name = \private\var\vm\sleepimage
12:882  0:000      sleepimage not found -> Not Found
12:882  0:000      hibernated: no - sign
12:909  0:026  - [08]: 'KemalSSD - Veriler'
12:934  0:025  - [09]: 'Recovery'
12:935  0:000          AddLoaderEntry for Volume Name=Recovery
12:937  0:002          [!] Icon 21 (icons\vol_recovery.icns) not found (path: EFI\CLOVER\themes\clover-minimal-dark)
12:963  0:025  - [10]: 'VM'
12:988  0:025  - [11]: 'KemalSSD'
12:988  0:000          AddLoaderEntry for Volume Name=KemalSSD
12:989  0:000      Check if volume Is Hibernated:
12:989  0:000      Check sleep image 'by signature':
12:989  0:000      using default sleep image name = \private\var\vm\sleepimage
12:989  0:000      sleepimage not found -> Not Found
12:989  0:000      hibernated: no - sign
13:015  0:025  === [ AddCustomTool ] =====================================
13:015  0:000  === [ GetEfiBootDeviceFromNvram ] =========================
13:015  0:000  Default boot entry not found
13:015  0:000  DefaultIndex=-1 and MainMenu.EntryCount=8
18:282  5:267  exit from MainMenu 1
18:282  0:000  BootVariable of the entry is empty
18:282  0:000  === [ StartLoader ] =======================================
18:282  0:000  Finally: ExternalClock=25MHz BusSpeed=99769kHz CPUFreq=2594MHz PIS: hw.busfrequency=100000000Hz
18:282  0:000  Loading boot.efi  status=Success
18:357  0:075  GetOSVersion: 10.15.4 (19E287)
18:357  0:000  CSR_CFG: CSR_ALLOW_UNTRUSTED_KEXTS | CSR_ALLOW_UNRESTRICTED_FS | CSR_ALLOW_TASK_FOR_PID | CSR_ALLOW_UNRESTRICTED_DTRACE | CSR_ALLOW_UNRESTRICTED_NVRAM
18:357  0:000  Filtering KextPatches:
18:357  0:000   - [00]: com.apple.iokit.IOAHCIBlockStorage (Enable TRIM for SSD) :: BinPatch :: [OS: 10.15.4 | MatchOS: All | MatchBuild: All] ==> allowed
18:357  0:000  Will not patch boot.efi
18:357  0:000  === [ PatchSmbios ] =======================================
18:357  0:000  insert table 9 for dev 0:1
18:357  0:000  insert table 9 for dev 0:0
18:357  0:000  Table 11 present, but rewritten for us
18:358  0:000  Trusting SMBIOS...
18:358  0:000  Detected alternating SMBIOS channel banks
18:358  0:000  Channels: 2
18:358  0:000  Interleave: 0 2 1 3 4 6 5 7 8 10 9 11 12 14 13 15 16 18 17 19 20 22 21 23
18:358  0:000   partNum=HP16D3LS1KFG/4G   
18:358  0:000  SMBIOS Type 17 Index = 0 => 0 0:
18:358  0:000  BANK 0 DIMM0 1600MHz 4096MB(Ext:0MB)
18:358  0:000   partNum=GKH800SO51208-1600
18:358  0:000  Type17->Manufacturer corrected by SMBIOS from NoName to 0000
18:358  0:000  SMBIOS Type 17 Index = 1 => 1 2:
18:358  0:000  BANK 1 DIMM0 1600MHz 8192MB(Ext:0MB)
18:358  0:000  mTotalSystemMemory = 12288
18:358  0:000  NumberOfMemoryDevices = 2
18:358  0:000  Type20[0]->End = 0x3FFFFF, Type17[0] = 0x1000
18:358  0:000  Type20[1]->End = 0xBFFFFF, Type17[1] = 0x4000
18:358  0:000  Table 131 is present, CPUType=31
18:358  0:000  Change to: 705
18:358  0:000  === [ PatchACPI ] =========================================
18:358  0:000  Xsdt reallocation done
18:358  0:000  old FADT length=10C
18:358  0:000   SignatureFixup: 0x74622013 -> 0x0
18:360  0:002  DSDT found in Clover volume OEM folder: EFI\CLOVER\ACPI\patched\DSDT.aml
18:362  0:001  Apply DsdtFixMask=0x00000000
18:362  0:000     drop _DSM mask=0xFFFF
18:362  0:000  === [ FixBiosDsdt ] =======================================
18:362  0:000  Patching DSDT:
18:362  0:000   - [change GFX0 to IGPU]: pattern 47465830, patched at: [ (1A5) (E) (12) (12) (12) (12) (12) (178) (9425) (21) (11BC) (C91) (30) (16B) (373) (F70) (14) (7C) (1C6A) (23A8) (54B) (7D) (9) (23) (74) (9) (23) (132) (183) (105) ]
18:362  0:000   - [change HDAS to HDEF]: pattern 48444153, bin not found / already patched!
18:362  0:000   - [Rename B0D3 to HDAU]: disabled
18:362  0:000    0 replacements
18:363  0:000  PreCleanup XSDT: count=17, length=172
18:363  0:000  PreCleanup XSDT, corrected XSDT: count=17, length=172
18:363  0:000  === [ ACPIDropTables ] ====================================
18:363  0:000  Patching SSDT PtidDevc Length=3986
18:363  0:000  0. [change GFX0 to IGPU]: pattern 47465830, bin not found / already patched!
18:363  0:000  1. [change HDAS to HDEF]: pattern 48444153, bin not found / already patched!
18:363  0:000  2. [Rename B0D3 to HDAU]: disabled
18:363  0:000    0 replacements
18:363  0:000  Patching SSDT Cpu0Ist Length=1337
18:363  0:000  0. [change GFX0 to IGPU]: pattern 47465830, bin not found / already patched!
18:363  0:000  1. [change HDAS to HDEF]: pattern 48444153, bin not found / already patched!
18:363  0:000  2. [Rename B0D3 to HDAU]: disabled
18:363  0:000    0 replacements
18:363  0:000  Patching SSDT CpuPm Length=2776
18:363  0:000  0. [change GFX0 to IGPU]: pattern 47465830, bin not found / already patched!
18:363  0:000  1. [change HDAS to HDEF]: pattern 48444153, bin not found / already patched!
18:363  0:000  2. [Rename B0D3 to HDAU]: disabled
18:363  0:000    0 replacements
18:363  0:000  Found OperationRegion(PPMT, SystemMemory, C97A9F18, ...)
18:363  0:000  Patching SSDT SataTabl Length=789
18:363  0:000  0. [change GFX0 to IGPU]: pattern 47465830, bin not found / already patched!
18:363  0:000  1. [change HDAS to HDEF]: pattern 48444153, bin not found / already patched!
18:363  0:000  2. [Rename B0D3 to HDAU]: disabled
18:363  0:000    0 replacements
18:363  0:000  Patching SSDT SaSsdt  Length=7245
18:363  0:000  0. [change GFX0 to IGPU]: pattern 47465830, patched at: [ (9CF) (17) (17) (1A) (2D1) (13) (C69) (1D) ]
18:363  0:000  1. [change HDAS to HDEF]: pattern 48444153, bin not found / already patched!
18:363  0:000  2. [Rename B0D3 to HDAU]: disabled
18:363  0:000    0 replacements
18:363  0:000  Found OperationRegion(SANV, SystemMemory, C9792E18, ...)
18:363  0:000  Found OperationRegion(CCDC, SystemMemory, 80000000, ...)
18:363  0:000  Patching SSDT SgPeg Length=4125
18:363  0:000  0. [change GFX0 to IGPU]: pattern 47465830, patched at: [ (DC9) ]
18:363  0:000  1. [change HDAS to HDEF]: pattern 48444153, bin not found / already patched!
18:363  0:000  2. [Rename B0D3 to HDAU]: disabled
18:363  0:000    0 replacements
18:363  0:000  Patching SSDT OptTabl Length=7558
18:363  0:000  0. [change GFX0 to IGPU]: pattern 47465830, patched at: [ (3EA) (7C) (21D) (16B4) (11) ]
18:363  0:000  1. [change HDAS to HDEF]: pattern 48444153, bin not found / already patched!
18:363  0:000  2. [Rename B0D3 to HDAU]: disabled
18:363  0:000    0 replacements
18:363  0:000  === [ ACPIPatchedAML ] ====================================
18:363  0:000  Unsorted
18:363  0:000  Inserting SSDT-PNLF.aml from EFI\CLOVER\ACPI\patched: size=1028 ... Success
18:364  0:001  ApicCPUNum=8
18:364  0:000  Maximum control=0x1A
18:364  0:000  Turbo control=0x24
18:364  0:000  P-States: min 0x8, max 0x24
18:364  0:000  SSDT with CPU P-States and plugin-type generated successfully
18:364  0:000  SSDT with CPU C-States generated successfully
18:364  0:000  Cleanup XSDT: count=20, length=196
18:364  0:000  corrected XSDT count=20, length=196
18:364  0:000  === [ RestSetup macOS ] ===================================
18:364  0:000  EdidDiscovered size=128
18:364  0:000  --- Discovered EDID Table size:128
18:364  0:000  000  |  00  FF  FF  FF  FF  FF  FF  00  06  AF
18:364  0:000  010  |  9D  21  00  00  00  00  00  16  01  04
18:364  0:000  020  |  90  26  15  78  02  C8  95  9E  57  54
18:364  0:000  030  |  92  26  0F  50  54  00  00  00  01  01
18:364  0:000  040  |  01  01  01  01  01  01  01  01  01  01
18:364  0:000  050  |  01  01  01  01  14  37  80  C0  70  38
18:364  0:000  060  |  20  40  30  64  36  00  7D  D6  10  00
18:364  0:000  070  |  00  18  00  00  00  0F  00  00  00  00
18:364  0:000  080  |  00  00  00  00  00  00  00  00  00  20
18:364  0:000  090  |  00  00  00  FE  00  41  55  4F  0A  20
18:364  0:000  100  |  20  20  20  20  20  20  20  20  00  00
18:364  0:000  110  |  00  FE  00  42  31  37  33  48  57  30
18:364  0:000  120  |  32  20  56  31  20  0A  00  51
18:364  0:000  add device: PciRoot(0x0)/Pci(0x2,0x0)
18:364  0:000     Add key=model valuelen=13
18:364  0:000     Add key=hda-gfx valuelen=10
18:364  0:000     Add key=enable-hdmi20 valuelen=4
18:364  0:000     Add key=enable-hdmi-dividers-fix valuelen=4
18:364  0:000     Add key=device_type valuelen=26
18:364  0:000     Add key=device-id valuelen=4
18:364  0:000     Add key=AAPL,slot-name valuelen=15
18:364  0:000     Add key=AAPL,ig-platform-id valuelen=4
18:364  0:000  Intel GFX injection not set
18:364  0:000   setting specified layout-id=6 (0x6)
18:364  0:000   setting specified layout-id=6 (0x6)
18:364  0:000  stringlength = 3490
18:364  0:000  CurrentMode: Width=1920 Height=1080
18:364  0:000  Beginning FSInjection
FSInjectionInstall ...
- Our FSI_SIMPLE_FILE_SYSTEM_PROTOCOL installed on handle: BB491498
FSInjectionInstall ...
- Our FSI_SIMPLE_FILE_SYSTEM_PROTOCOL installed on handle: BB491498
18:368  0:003  Use origin smbios table type 1 guid.
18:372  0:004  Preparing kexts injection for arch=x86_64 from EFI\CLOVER\kexts\Other
18:372  0:000  ->Extra kext: EFI\CLOVER\kexts\Other\FakeSMC.kext (v.1800)
18:384  0:011  ->Extra kext: EFI\CLOVER\kexts\Other\VoodooPS2Controller.kext (v.1.9.2)
18:396  0:012      |-- PlugIn kext: EFI\CLOVER\kexts\Other\VoodooPS2Controller.kext\Contents\PlugIns\VoodooPS2Mouse.kext (v.1.9.2)
18:405  0:009      |-- PlugIn kext: EFI\CLOVER\kexts\Other\VoodooPS2Controller.kext\Contents\PlugIns\VoodooPS2Keyboard.kext (v.1.9.2)
18:419  0:013      |-- PlugIn kext: EFI\CLOVER\kexts\Other\VoodooPS2Controller.kext\Contents\PlugIns\VoodooPS2Trackpad.kext (v.1.9.2)
18:434  0:015  ->Extra kext: EFI\CLOVER\kexts\Other\ApplePS2SmartTouchPad.kext (v.4.6.8)
18:468  0:033      |-- PlugIn kext: EFI\CLOVER\kexts\Other\ApplePS2SmartTouchPad.kext\Contents\PlugIns\ApplePS2Controller.kext (v.4.6.8)
18:479  0:011      |-- PlugIn kext: EFI\CLOVER\kexts\Other\ApplePS2SmartTouchPad.kext\Contents\PlugIns\ApplePS2Keyboard.kext (v.4.6.8)
18:490  0:010  ->Extra kext: EFI\CLOVER\kexts\Other\Sinetek-rtsx.kext (v.1)
18:499  0:008  ->Extra kext: EFI\CLOVER\kexts\Other\RealtekRTL8111.kext (v.2.2.2)
18:513  0:014  ->Extra kext: EFI\CLOVER\kexts\Other\USBPorts.kext (v.1.0)
18:524  0:011  ->Extra kext: EFI\CLOVER\kexts\Other\WhateverGreen.kext (v.1.3.9)
18:540  0:015  ->Extra kext: EFI\CLOVER\kexts\Other\AppleALC.kext (v.1.4.9)
19:209  0:668  ->Extra kext: EFI\CLOVER\kexts\Other\Lilu.kext (v.1.4.4)
19:220  0:011  ->Extra kext: EFI\CLOVER\kexts\Other\ACPIBatteryManager.kext (v.1.90.1)
19:234  0:013  Preparing kexts injection for arch=x86_64 from EFI\CLOVER\kexts\10
19:234  0:000  Preparing kexts injection for arch=x86_64 from EFI\CLOVER\kexts\10_normal
19:234  0:000  Preparing kexts injection for arch=x86_64 from EFI\CLOVER\kexts\10.15
19:234  0:000  Preparing kexts injection for arch=x86_64 from EFI\CLOVER\kexts\10.15_normal
19:234  0:000  Preparing kexts injection for arch=x86_64 from EFI\CLOVER\kexts\10.15.4
19:234  0:000  Preparing kexts injection for arch=x86_64 from EFI\CLOVER\kexts\10.15.4_normal
19:236  0:001  Custom boot screen not used because entry has unset use graphics
19:236  0:000  Closing log
